Arguments: 
  C:\Program Files\nodejs\node.exe C:\Users\smaha\AppData\Roaming\npm\node_modules\yarn\bin\yarn.js add @mui/material @emotion/react @emotion/styled

PATH: 
  C:\Python310\Scripts\;C:\Python310\;C:\WINDOWS\system32;C:\WINDOWS;C:\WINDOWS\System32\Wbem;C:\WINDOWS\System32\WindowsPowerShell\v1.0\;C:\WINDOWS\System32\OpenSSH\;C:\Program Files\nodejs\;C:\ProgramData\chocolatey\bin;C:\Program Files\Git\cmd;C:\Users\smaha\AppData\Local\Microsoft\WindowsApps;C:\Users\smaha\AppData\Local\Programs\Microsoft VS Code\bin;C:\Users\smaha\AppData\Roaming\npm;C:\Users\smaha\AppData\Roaming\npm

Yarn version: 
  1.22.18

Node version: 
  16.13.0

Platform: 
  win32 x64

Trace: 
  Error: EPERM: operation not permitted, unlink 'C:\Users\smaha\Desktop\remix-app\y\node_modules\esbuild-windows-64\esbuild.exe'

npm manifest: 
  {
    "private": true,
    "sideEffects": false,
    "scripts": {
      "build": "remix build",
      "dev": "remix dev",
      "start": "cross-env NODE_ENV=production netlify dev"
    },
    "dependencies": {
      "@netlify/functions": "^1.0.0",
      "@remix-run/netlify": "^1.6.6",
      "@remix-run/node": "^1.6.6",
      "@remix-run/react": "^1.6.6",
      "cross-env": "^7.0.3",
      "react": "^17.0.2",
      "react-dom": "^17.0.2"
    },
    "devDependencies": {
      "@remix-run/dev": "^1.6.6",
      "@remix-run/eslint-config": "^1.6.6",
      "@remix-run/serve": "^1.6.6",
      "@types/react": "^17.0.47",
      "@types/react-dom": "^17.0.17",
      "eslint": "^8.20.0",
      "typescript": "^4.7.4"
    },
    "engines": {
      "node": ">=14"
    }
  }

yarn manifest: 
  No manifest

Lockfile: 
  No lockfile
